#
# A fatal error has been detected by the Java Runtime Environment:
#
#  SIGSEGV (0xb) at pc=0x00000001092619cc, pid=5110, tid=42755
#
# JRE version: Java(TM) SE Runtime Environment (11.0.1+13) (build 11.0.1+13-LTS)
# Java VM: Java HotSpot(TM) 64-Bit Server VM (11.0.1+13-LTS, mixed mode, tiered, compressed oops, g1 gc, bsd-amd64)
# Problematic frame:
# V  [libjvm.dylib+0x3409cc]  void G1ParCopyClosure<(G1Barrier)0, (G1Mark)0>::do_oop_work<oopDesc*>(oopDesc**)+0x34
#
# No core dump will be written. Core dumps have been disabled. To enable core dumping, try "ulimit -c unlimited" before starting Java again
#
# If you would like to submit a bug report, please visit:
#   http://bugreport.java.com/bugreport/crash.jsp
#

---------------  S U M M A R Y ------------

Command Line: -Dclassworlds.conf=/Users/prerana/apache-maven-3.8.6/bin/m2.conf -Dmaven.home=/Users/prerana/apache-maven-3.8.6 -Dlibrary.jansi.path=/Users/prerana/apache-maven-3.8.6/lib/jansi-native -Dmaven.multiModuleProjectDirectory=/Users/prerana/IdeaProjects/FlipkartAutomation org.codehaus.plexus.classworlds.launcher.Launcher clean install

Host: MacBookAir7,2 x86_64 1800 MHz, 4 cores, 8G, Darwin 21.6.0
Time: Thu Jul 27 14:33:12 2023 IST elapsed time: 5 seconds (0d 0h 0m 5s)

---------------  T H R E A D  ---------------

Current thread (0x00007fd042a39000):  GCTaskThread "GC Thread#1" [stack: 0x00007000064d7000,0x00007000065d7000] [id=42755]

Stack: [0x00007000064d7000,0x00007000065d7000],  sp=0x00007000065d6c40,  free space=1023k
Native frames: (J=compiled Java code, A=aot compiled Java code, j=interpreted, Vv=VM code, C=native code)
V  [libjvm.dylib+0x3409cc]  void G1ParCopyClosure<(G1Barrier)0, (G1Mark)0>::do_oop_work<oopDesc*>(oopDesc**)+0x34
V  [libjvm.dylib+0x69fd0f]  StringTable::possibly_parallel_oops_do(OopStorage::ParState<false, false>*, OopClosure*)+0x63
V  [libjvm.dylib+0x342daa]  G1RootProcessor::process_string_table_roots(G1RootClosures*, G1GCPhaseTimes*, unsigned int)+0x42
V  [libjvm.dylib+0x34298e]  G1RootProcessor::evacuate_roots(G1ParScanThreadState*, unsigned int)+0x94
V  [libjvm.dylib+0x3094aa]  G1ParTask::work(unsigned int)+0xbc
V  [libjvm.dylib+0x77840b]  GangWorker::loop()+0x43
V  [libjvm.dylib+0x600ad3]  thread_native_entry(Thread*)+0x135
C  [libsystem_pthread.dylib+0x64e1]  _pthread_start+0x7d
C  [libsystem_pthread.dylib+0x1f6b]  thread_start+0xf


siginfo: si_signo: 11 (SIGSEGV), si_code: 1 (SEGV_MAPERR), si_addr: 0x00007fd14401f65c

Register to memory mapping:

RAX=0x00007fd042008600 points into unknown readable memory
RBX=0x00006000020b2e18 points into unknown readable memory
RCX=0x00007fd044017e00 points into unknown readable memory
RDX=0x0010000785cb2530 is an unknown value
RSP=0x00007000065d6c40 points into unknown readable memory
RBP=0x00007000065d6c60 points into unknown readable memory
RSI=0x000000010000785c is an unknown value
RDI=0x00006000020b2e18 points into unknown readable memory
R8 =0x0000700005ab2740 points into unknown readable memory
R9 =0x0000000000000003 is an unknown value
R10=0x0000000000000800 is an unknown value
R11=0xfffffffffebf5590 is an unknown value
R12=0x00000000000000bd is an unknown value
R13=0x00007fd043240740 points into unknown readable memory
R14=0x00006000020b2e18 points into unknown readable memory
R15=0x00007fd043240740 points into unknown readable memory


Registers:
RAX=0x00007fd042008600, RBX=0x00006000020b2e18, RCX=0x00007fd044017e00, RDX=0x0010000785cb2530
RSP=0x00007000065d6c40, RBP=0x00007000065d6c60, RSI=0x000000010000785c, RDI=0x00006000020b2e18
R8 =0x0000700005ab2740, R9 =0x0000000000000003, R10=0x0000000000000800, R11=0xfffffffffebf5590
R12=0x00000000000000bd, R13=0x00007fd043240740, R14=0x00006000020b2e18, R15=0x00007fd043240740
RIP=0x00000001092619cc, EFLAGS=0x0000000000010207, ERR=0x0000000000000004
  TRAPNO=0x000000000000000e

Top of Stack: (sp=0x00007000065d6c40)
0x00007000065d6c40:   00006000020b2e18 00000000000000bd
0x00007000065d6c50:   0000000000000001 ffffffffffffffff
0x00007000065d6c60:   00007000065d6cc0 00000001095c0d0f
0x00007000065d6c70:   00000000000000bd 00000000000000c4
0x00007000065d6c80:   00000000000000bd 000000010962d6b3
0x00007000065d6c90:   0000700005ab2728 0000700005ab2728
0x00007000065d6ca0:   0000700005ab2690 00007fd041f05be0
0x00007000065d6cb0:   00006000020b2e10 00007000065d6cd8
0x00007000065d6cc0:   00007000065d6d20 0000000109263daa
0x00007000065d6cd0:   00000001098197f8 00000001098197f8
0x00007000065d6ce0:   00000001410fbb7e 000000023ebee4de
0x00007000065d6cf0:   00007fd000000003 00007fd041f05be0
0x00007000065d6d00:   0000600000000002 00006000020b2e10
0x00007000065d6d10:   0000700005ab2708 0000000000000002
0x00007000065d6d20:   00007000065d6e10 000000010926398e
0x00007000065d6d30:   0000000109819818 00000001410f3c4f
0x00007000065d6d40:   000000023ebe0034 0000000000000001
0x00007000065d6d50:   00007fd041f05be0 00007fd000000002
0x00007000065d6d60:   0000000000000000 0000000000000000
0x00007000065d6d70:   0000000000000000 0000000000000000
0x00007000065d6d80:   00007fd043249a90 00000001410f3cde
0x00007000065d6d90:   000000023ebe00e6 00007000065d6d60
0x00007000065d6da0:   00007000065d6d70 0000700005ab2800
0x00007000065d6db0:   0000000000000002 0000000000000000
0x00007000065d6dc0:   0000000000000002 00007fd043249a90
0x00007000065d6dd0:   00007000065d6e10 0000000109251756
0x00007000065d6de0:   00007fd042008600 00006000033a04e0
0x00007000065d6df0:   0000700005ab2690 0000000000000000
0x00007000065d6e00:   0000000000000002 00007fd043249a90
0x00007000065d6e10:   00007000065d6f20 000000010922a4aa
0x00007000065d6e20:   00007000054a0ae8 00007fd042808800
0x00007000065d6e30:   0000000000000240 0000700005ab2b30 

Instructions: (pc=0x00000001092619cc)
0x00000001092619ac:   48 85 d2 0f 84 25 01 00 00 49 8b 46 08 8a 88 f0
0x00000001092619bc:   06 00 00 48 89 d6 48 d3 ee 48 8b 88 e0 06 00 00
0x00000001092619cc:   8a 1c 31 84 db 7e 35 48 8b 0a 89 c8 83 e0 03 be
0x00000001092619dc:   03 00 00 00 48 39 f0 75 5a 48 8d 15 9e f2 5d 00 


---------------  P R O C E S S  ---------------

Threads class SMR info:
_java_thread_list=0x0000600001796d00, length=10, elements={
0x00007fd042808800, 0x00007fd043832800, 0x00007fd042015800, 0x00007fd043837000,
0x00007fd04384b800, 0x00007fd04384c800, 0x00007fd04384d800, 0x00007fd042017000,
0x00007fd04281c000, 0x00007fd042293800
}

Java Threads: ( => current thread )
  0x00007fd042808800 JavaThread "main" [_thread_blocked, id=10243, stack(0x00007000053a1000,0x00007000054a1000)]
  0x00007fd043832800 JavaThread "Reference Handler" daemon [_thread_blocked, id=18947, stack(0x0000700005ab6000,0x0000700005bb6000)]
  0x00007fd042015800 JavaThread "Finalizer" daemon [_thread_blocked, id=18435, stack(0x0000700005bb9000,0x0000700005cb9000)]
  0x00007fd043837000 JavaThread "Signal Dispatcher" daemon [_thread_blocked, id=14851, stack(0x0000700005dc2000,0x0000700005ec2000)]
  0x00007fd04384b800 JavaThread "C2 CompilerThread0" daemon [_thread_in_native, id=15107, stack(0x0000700005ec5000,0x0000700005fc5000)]
  0x00007fd04384c800 JavaThread "C1 CompilerThread0" daemon [_thread_blocked, id=15875, stack(0x0000700005fc8000,0x00007000060c8000)]
  0x00007fd04384d800 JavaThread "Sweeper thread" daemon [_thread_blocked, id=22019, stack(0x00007000060cb000,0x00007000061cb000)]
  0x00007fd042017000 JavaThread "Service Thread" daemon [_thread_blocked, id=22531, stack(0x00007000061ce000,0x00007000062ce000)]
  0x00007fd04281c000 JavaThread "Common-Cleaner" daemon [_thread_blocked, id=23555, stack(0x00007000063d4000,0x00007000064d4000)]
  0x00007fd042293800 JavaThread "C2 CompilerThread1" daemon [_thread_blocked, id=42243, stack(0x00007000066dd000,0x00007000067dd000)]

Other Threads:
  0x00007fd042845800 VMThread "VM Thread" [stack: 0x00007000059b3000,0x0000700005ab3000] [id=12291]
  0x00007fd044095800 WatcherThread [stack: 0x00007000062d1000,0x00007000063d1000] [id=22787]
  0x00007fd04200e000 GCTaskThread "GC Thread#0" [stack: 0x00007000054a4000,0x00007000055a4000] [id=20739]
=>0x00007fd042a39000 GCTaskThread "GC Thread#1" [stack: 0x00007000064d7000,0x00007000065d7000] [id=42755]
  0x00007fd042c16800 GCTaskThread "GC Thread#2" [stack: 0x00007000065da000,0x00007000066da000] [id=24323]
  0x00007fd044029000 ConcurrentGCThread "G1 Main Marker" [stack: 0x00007000055a7000,0x00007000056a7000] [id=11267]
  0x00007fd043808800 ConcurrentGCThread "G1 Conc#0" [stack: 0x00007000056aa000,0x00007000057aa000] [id=19715]
  0x00007fd04206a800 ConcurrentGCThread "G1 Refine#0" [stack: 0x00007000057ad000,0x00007000058ad000] [id=19459]
  0x00007fd04206b000 ConcurrentGCThread "G1 Young RemSet Sampling" [stack: 0x00007000058b0000,0x00007000059b0000] [id=12035]

Threads with active compile tasks:
C2 CompilerThread03777   !   4       jdk.internal.loader.BuiltinClassLoader::loadClassOrNull (143 bytes)
C2 CompilerThread14190       4       jdk.nio.zipfs.ZipCoder$UTF8::toString (49 bytes)

VM state:at safepoint (normal execution)

VM Mutex/Monitor currently owned by a thread:  ([mutex/lock_event])
[0x00006000039a1e00] Threads_lock - owner thread: 0x00007fd042845800
[0x00006000039a2480] Heap_lock - owner thread: 0x00007fd042808800

Heap address: 0x0000000780000000, size: 2048 MB, Compressed Oops mode: Zero based, Oop shift amount: 3
Narrow klass base: 0x0000000800000000, Narrow klass shift: 0
Compressed class space size: 1073741824 Address: 0x0000000800000000

Heap:
 garbage-first heap   total 131072K, used 63889K [0x0000000780000000, 0x0000000800000000)
  region size 1024K, 59 young (60416K), 7 survivors (7168K)
 Metaspace       used 30419K, capacity 31073K, committed 31664K, reserved 1077248K
  class space    used 3273K, capacity 3489K, committed 3584K, reserved 1048576K
Heap Regions: E=young(eden), S=young(survivor), O=old, HS=humongous(starts), HC=humongous(continues), CS=collection set, F=free, A=archive, TAMS=top-at-mark-start (previous, next)
|   0|0x0000000780000000, 0x0000000780100000, 0x0000000780100000|100%| O|  |TAMS 0x0000000780100000, 0x0000000780000000| Untracked 
|   1|0x0000000780100000, 0x0000000780200000, 0x0000000780200000|100%| O|  |TAMS 0x0000000780200000, 0x0000000780100000| Untracked 
|   2|0x0000000780200000, 0x0000000780300000, 0x0000000780300000|100%| O|  |TAMS 0x0000000780300000, 0x0000000780200000| Untracked 
|   3|0x0000000780300000, 0x0000000780400000, 0x0000000780400000|100%| O|  |TAMS 0x0000000780400000, 0x0000000780300000| Untracked 
|   4|0x0000000780400000, 0x0000000780500000, 0x0000000780500000|100%| O|  |TAMS 0x000000078044aa00, 0x0000000780400000| Untracked 
|   5|0x0000000780500000, 0x0000000780600000, 0x0000000780600000|100%| O|  |TAMS 0x0000000780500000, 0x0000000780500000| Untracked 
|   6|0x0000000780600000, 0x0000000780700000, 0x0000000780700000|100%| O|  |TAMS 0x0000000780600000, 0x0000000780600000| Untracked 
|   7|0x0000000780700000, 0x0000000780800000, 0x0000000780800000|100%| O|  |TAMS 0x0000000780700000, 0x0000000780700000| Untracked 
|   8|0x0000000780800000, 0x0000000780900000, 0x0000000780900000|100%| O|  |TAMS 0x0000000780800000, 0x0000000780800000| Untracked 
|   9|0x0000000780900000, 0x0000000780a00000, 0x0000000780a00000|100%| O|  |TAMS 0x0000000780900000, 0x0000000780900000| Untracked 
|  10|0x0000000780a00000, 0x0000000780b00000, 0x0000000780b00000|100%| O|  |TAMS 0x0000000780a00000, 0x0000000780a00000| Untracked 
|  11|0x0000000780b00000, 0x0000000780bc3fb8, 0x0000000780c00000| 76%| O|  |TAMS 0x0000000780b00000, 0x0000000780b00000| Untracked 
|  12|0x0000000780c00000, 0x0000000780c00000, 0x0000000780d00000|  0%| F|  |TAMS 0x0000000780c00000, 0x0000000780c00000| Untracked 
|  13|0x0000000780d00000, 0x0000000780d00000, 0x0000000780e00000|  0%| F|  |TAMS 0x0000000780d00000, 0x0000000780d00000| Untracked 
|  14|0x0000000780e00000, 0x0000000780e00000, 0x0000000780f00000|  0%| F|  |TAMS 0x0000000780e00000, 0x0000000780e00000| Untracked 
|  15|0x0000000780f00000, 0x0000000780f00000, 0x0000000781000000|  0%| F|  |TAMS 0x0000000780f00000, 0x0000000780f00000| Untracked 
|  16|0x0000000781000000, 0x0000000781000000, 0x0000000781100000|  0%| F|  |TAMS 0x0000000781000000, 0x0000000781000000| Untracked 
|  17|0x0000000781100000, 0x0000000781100000, 0x0000000781200000|  0%| F|  |TAMS 0x0000000781100000, 0x0000000781100000| Untracked 
|  18|0x0000000781200000, 0x0000000781200000, 0x0000000781300000|  0%| F|  |TAMS 0x0000000781200000, 0x0000000781200000| Untracked 
|  19|0x0000000781300000, 0x0000000781300000, 0x0000000781400000|  0%| F|  |TAMS 0x0000000781300000, 0x0000000781300000| Untracked 
|  20|0x0000000781400000, 0x0000000781400000, 0x0000000781500000|  0%| F|  |TAMS 0x0000000781400000, 0x0000000781400000| Untracked 
|  21|0x0000000781500000, 0x0000000781500000, 0x0000000781600000|  0%| F|  |TAMS 0x0000000781500000, 0x0000000781500000| Untracked 
|  22|0x0000000781600000, 0x0000000781600000, 0x0000000781700000|  0%| F|  |TAMS 0x0000000781600000, 0x0000000781600000| Untracked 
|  23|0x0000000781700000, 0x0000000781700000, 0x0000000781800000|  0%| F|  |TAMS 0x0000000781700000, 0x0000000781700000| Untracked 
|  24|0x0000000781800000, 0x0000000781800000, 0x0000000781900000|  0%| F|  |TAMS 0x0000000781800000, 0x0000000781800000| Untracked 
|  25|0x0000000781900000, 0x0000000781900000, 0x0000000781a00000|  0%| F|  |TAMS 0x0000000781900000, 0x0000000781900000| Untracked 
|  26|0x0000000781a00000, 0x0000000781a00000, 0x0000000781b00000|  0%| F|  |TAMS 0x0000000781a00000, 0x0000000781a00000| Untracked 
|  27|0x0000000781b00000, 0x0000000781b00000, 0x0000000781c00000|  0%| F|  |TAMS 0x0000000781b00000, 0x0000000781b00000| Untracked 
|  28|0x0000000781c00000, 0x0000000781c00000, 0x0000000781d00000|  0%| F|  |TAMS 0x0000000781c00000, 0x0000000781c00000| Untracked 
|  29|0x0000000781d00000, 0x0000000781d00000, 0x0000000781e00000|  0%| F|  |TAMS 0x0000000781d00000, 0x0000000781d00000| Untracked 
|  30|0x0000000781e00000, 0x0000000781e00000, 0x0000000781f00000|  0%| F|  |TAMS 0x0000000781e00000, 0x0000000781e00000| Untracked 
|  31|0x0000000781f00000, 0x0000000781f00000, 0x0000000782000000|  0%| F|  |TAMS 0x0000000781f00000, 0x0000000781f00000| Untracked 
|  32|0x0000000782000000, 0x0000000782000000, 0x0000000782100000|  0%| F|  |TAMS 0x0000000782000000, 0x0000000782000000| Untracked 
|  33|0x0000000782100000, 0x0000000782100000, 0x0000000782200000|  0%| F|  |TAMS 0x0000000782100000, 0x0000000782100000| Untracked 
|  34|0x0000000782200000, 0x0000000782200000, 0x0000000782300000|  0%| F|  |TAMS 0x0000000782200000, 0x0000000782200000| Untracked 
|  35|0x0000000782300000, 0x0000000782300000, 0x0000000782400000|  0%| F|  |TAMS 0x0000000782300000, 0x0000000782300000| Untracked 
|  36|0x0000000782400000, 0x0000000782400000, 0x0000000782500000|  0%| F|  |TAMS 0x0000000782400000, 0x0000000782400000| Untracked 
|  37|0x0000000782500000, 0x0000000782500000, 0x0000000782600000|  0%| F|  |TAMS 0x0000000782500000, 0x0000000782500000| Untracked 
|  38|0x0000000782600000, 0x0000000782600000, 0x0000000782700000|  0%| F|  |TAMS 0x0000000782600000, 0x0000000782600000| Untracked 
|  39|0x0000000782700000, 0x0000000782700000, 0x0000000782800000|  0%| F|  |TAMS 0x0000000782700000, 0x0000000782700000| Untracked 
|  40|0x0000000782800000, 0x0000000782800000, 0x0000000782900000|  0%| F|  |TAMS 0x0000000782800000, 0x0000000782800000| Untracked 
|  41|0x0000000782900000, 0x0000000782900000, 0x0000000782a00000|  0%| F|  |TAMS 0x0000000782900000, 0x0000000782900000| Untracked 
|  42|0x0000000782a00000, 0x0000000782a00000, 0x0000000782b00000|  0%| F|  |TAMS 0x0000000782a00000, 0x0000000782a00000| Untracked 
|  43|0x0000000782b00000, 0x0000000782b00000, 0x0000000782c00000|  0%| F|  |TAMS 0x0000000782b00000, 0x0000000782b00000| Untracked 
|  44|0x0000000782c00000, 0x0000000782c00000, 0x0000000782d00000|  0%| F|  |TAMS 0x0000000782c00000, 0x0000000782c00000| Untracked 
|  45|0x0000000782d00000, 0x0000000782d00000, 0x0000000782e00000|  0%| F|  |TAMS 0x0000000782d00000, 0x0000000782d00000| Untracked 
|  46|0x0000000782e00000, 0x0000000782e00000, 0x0000000782f00000|  0%| F|  |TAMS 0x0000000782e00000, 0x0000000782e00000| Untracked 
|  47|0x0000000782f00000, 0x0000000782f00000, 0x0000000783000000|  0%| F|  |TAMS 0x0000000782f00000, 0x0000000782f00000| Untracked 
|  48|0x0000000783000000, 0x0000000783000000, 0x0000000783100000|  0%| F|  |TAMS 0x0000000783000000, 0x0000000783000000| Untracked 
|  49|0x0000000783100000, 0x0000000783100000, 0x0000000783200000|  0%| F|  |TAMS 0x0000000783100000, 0x0000000783100000| Untracked 
|  50|0x0000000783200000, 0x0000000783200000, 0x0000000783300000|  0%| F|  |TAMS 0x0000000783200000, 0x0000000783200000| Untracked 
|  51|0x0000000783300000, 0x0000000783300000, 0x0000000783400000|  0%| F|  |TAMS 0x0000000783300000, 0x0000000783300000| Untracked 
|  52|0x0000000783400000, 0x0000000783400000, 0x0000000783500000|  0%| F|  |TAMS 0x0000000783400000, 0x0000000783400000| Untracked 
|  53|0x0000000783500000, 0x0000000783500000, 0x0000000783600000|  0%| F|  |TAMS 0x0000000783500000, 0x0000000783500000| Untracked 
|  54|0x0000000783600000, 0x0000000783600000, 0x0000000783700000|  0%| F|  |TAMS 0x0000000783600000, 0x0000000783600000| Untracked 
|  55|0x0000000783700000, 0x0000000783700000, 0x0000000783800000|  0%| F|  |TAMS 0x0000000783700000, 0x0000000783700000| Untracked 
|  56|0x0000000783800000, 0x0000000783800000, 0x0000000783900000|  0%| F|  |TAMS 0x0000000783800000, 0x0000000783800000| Untracked 
|  57|0x0000000783900000, 0x0000000783900000, 0x0000000783a00000|  0%| F|  |TAMS 0x0000000783900000, 0x0000000783900000| Untracked 
|  58|0x0000000783a00000, 0x0000000783a00000, 0x0000000783b00000|  0%| F|  |TAMS 0x0000000783a00000, 0x0000000783a00000| Untracked 
|  59|0x0000000783b00000, 0x0000000783b00000, 0x0000000783c00000|  0%| F|  |TAMS 0x0000000783b00000, 0x0000000783b00000| Untracked 
|  60|0x0000000783c00000, 0x0000000783c00000, 0x0000000783d00000|  0%| F|  |TAMS 0x0000000783c00000, 0x0000000783c00000| Untracked 
|  61|0x0000000783d00000, 0x0000000783d00000, 0x0000000783e00000|  0%| F|  |TAMS 0x0000000783d00000, 0x0000000783d00000| Untracked 
|  62|0x0000000783e00000, 0x0000000783e00000, 0x0000000783f00000|  0%| F|  |TAMS 0x0000000783e00000, 0x0000000783e00000| Untracked 
|  63|0x0000000783f00000, 0x0000000783f00000, 0x0000000784000000|  0%| F|  |TAMS 0x0000000783f00000, 0x0000000783f00000| Untracked 
|  64|0x0000000784000000, 0x0000000784000000, 0x0000000784100000|  0%| F|  |TAMS 0x0000000784000000, 0x0000000784000000| Untracked 
|  65|0x0000000784100000, 0x0000000784100000, 0x0000000784200000|  0%| F|  |TAMS 0x0000000784100000, 0x0000000784100000| Untracked 
|  66|0x0000000784200000, 0x0000000784300000, 0x0000000784300000|100%| S|  |TAMS 0x0000000784200000, 0x0000000784200000| Complete 
|  67|0x0000000784300000, 0x0000000784400000, 0x0000000784400000|100%| S|  |TAMS 0x0000000784300000, 0x0000000784300000| Complete 
|  68|0x0000000784400000, 0x0000000784500000, 0x0000000784500000|100%| S|  |TAMS 0x0000000784400000, 0x0000000784400000| Complete 
|  69|0x0000000784500000, 0x0000000784600000, 0x0000000784600000|100%| S|  |TAMS 0x0000000784500000, 0x0000000784500000| Complete 
|  70|0x0000000784600000, 0x0000000784700000, 0x0000000784700000|100%| S|  |TAMS 0x0000000784600000, 0x0000000784600000| Complete 
|  71|0x0000000784700000, 0x0000000784800000, 0x0000000784800000|100%| S|  |TAMS 0x0000000784700000, 0x0000000784700000| Complete 
|  72|0x0000000784800000, 0x0000000784900000, 0x0000000784900000|100%| S|  |TAMS 0x0000000784800000, 0x0000000784800000| Complete 
|  73|0x0000000784900000, 0x00000007849bb488, 0x0000000784a00000| 73%| E|CS|TAMS 0x0000000784900000, 0x0000000784900000| Complete 
|  74|0x0000000784a00000, 0x0000000784b00000, 0x0000000784b00000|100%| E|CS|TAMS 0x0000000784a00000, 0x0000000784a00000| Complete 
|  75|0x0000000784b00000, 0x0000000784c00000, 0x0000000784c00000|100%| E|CS|TAMS 0x0000000784b00000, 0x0000000784b00000| Complete 
|  76|0x0000000784c00000, 0x0000000784d00000, 0x0000000784d00000|100%| E|CS|TAMS 0x0000000784c00000, 0x0000000784c00000| Complete 
|  77|0x0000000784d00000, 0x0000000784e00000, 0x0000000784e00000|100%| E|CS|TAMS 0x0000000784d00000, 0x0000000784d00000| Complete 
|  78|0x0000000784e00000, 0x0000000784f00000, 0x0000000784f00000|100%| E|CS|TAMS 0x0000000784e00000, 0x0000000784e00000| Complete 
|  79|0x0000000784f00000, 0x0000000785000000, 0x0000000785000000|100%| E|CS|TAMS 0x0000000784f00000, 0x0000000784f00000| Complete 
|  80|0x0000000785000000, 0x0000000785100000, 0x0000000785100000|100%| E|CS|TAMS 0x0000000785000000, 0x0000000785000000| Complete 
|  81|0x0000000785100000, 0x0000000785200000, 0x0000000785200000|100%| E|CS|TAMS 0x0000000785100000, 0x0000000785100000| Complete 
|  82|0x0000000785200000, 0x0000000785300000, 0x0000000785300000|100%| E|CS|TAMS 0x0000000785200000, 0x0000000785200000| Complete 
|  83|0x0000000785300000, 0x0000000785400000, 0x0000000785400000|100%| E|CS|TAMS 0x0000000785300000, 0x0000000785300000| Complete 
|  84|0x0000000785400000, 0x0000000785500000, 0x0000000785500000|100%| E|CS|TAMS 0x0000000785400000, 0x0000000785400000| Complete 
|  85|0x0000000785500000, 0x0000000785600000, 0x0000000785600000|100%| E|CS|TAMS 0x0000000785500000, 0x0000000785500000| Complete 
|  86|0x0000000785600000, 0x0000000785700000, 0x0000000785700000|100%| E|CS|TAMS 0x0000000785600000, 0x0000000785600000| Complete 
|  87|0x0000000785700000, 0x0000000785800000, 0x0000000785800000|100%| E|CS|TAMS 0x0000000785700000, 0x0000000785700000| Complete 
|  88|0x0000000785800000, 0x0000000785900000, 0x0000000785900000|100%| E|CS|TAMS 0x0000000785800000, 0x0000000785800000| Complete 
|  89|0x0000000785900000, 0x0000000785a00000, 0x0000000785a00000|100%| E|CS|TAMS 0x0000000785900000, 0x0000000785900000| Complete 
|  90|0x0000000785a00000, 0x0000000785b00000, 0x0000000785b00000|100%| E|CS|TAMS 0x0000000785a00000, 0x0000000785a00000| Complete 
|  91|0x0000000785b00000, 0x0000000785c00000, 0x0000000785c00000|100%| E|CS|TAMS 0x0000000785b00000, 0x0000000785b00000| Complete 
|  92|0x0000000785c00000, 0x0000000785d00000, 0x0000000785d00000|100%| E|CS|TAMS 0x0000000785c00000, 0x0000000785c00000| Complete 
|  93|0x0000000785d00000, 0x0000000785e00000, 0x0000000785e00000|100%| E|CS|TAMS 0x0000000785d00000, 0x0000000785d00000| Complete 
|  94|0x0000000785e00000, 0x0000000785f00000, 0x0000000785f00000|100%| E|CS|TAMS 0x0000000785e00000, 0x0000000785e00000| Complete 
|  95|0x0000000785f00000, 0x0000000786000000, 0x0000000786000000|100%| E|CS|TAMS 0x0000000785f00000, 0x0000000785f00000| Complete 
|  96|0x0000000786000000, 0x0000000786100000, 0x0000000786100000|100%| E|CS|TAMS 0x0000000786000000, 0x0000000786000000| Complete 
|  97|0x0000000786100000, 0x0000000786200000, 0x0000000786200000|100%| E|CS|TAMS 0x0000000786100000, 0x0000000786100000| Complete 
|  98|0x0000000786200000, 0x0000000786300000, 0x0000000786300000|100%| E|CS|TAMS 0x0000000786200000, 0x0000000786200000| Complete 
|  99|0x0000000786300000, 0x0000000786400000, 0x0000000786400000|100%| E|CS|TAMS 0x0000000786300000, 0x0000000786300000| Complete 
| 100|0x0000000786400000, 0x0000000786500000, 0x0000000786500000|100%| E|CS|TAMS 0x0000000786400000, 0x0000000786400000| Complete 
| 101|0x0000000786500000, 0x0000000786600000, 0x0000000786600000|100%| E|CS|TAMS 0x0000000786500000, 0x0000000786500000| Complete 
| 102|0x0000000786600000, 0x0000000786700000, 0x0000000786700000|100%| E|CS|TAMS 0x0000000786600000, 0x0000000786600000| Complete 
| 103|0x0000000786700000, 0x0000000786800000, 0x0000000786800000|100%| E|CS|TAMS 0x0000000786700000, 0x0000000786700000| Complete 
| 104|0x0000000786800000, 0x0000000786900000, 0x0000000786900000|100%| E|CS|TAMS 0x0000000786800000, 0x0000000786800000| Complete 
| 105|0x0000000786900000, 0x0000000786a00000, 0x0000000786a00000|100%| E|CS|TAMS 0x0000000786900000, 0x0000000786900000| Complete 
| 106|0x0000000786a00000, 0x0000000786b00000, 0x0000000786b00000|100%| E|CS|TAMS 0x0000000786a00000, 0x0000000786a00000| Complete 
| 107|0x0000000786b00000, 0x0000000786c00000, 0x0000000786c00000|100%| E|CS|TAMS 0x0000000786b00000, 0x0000000786b00000| Complete 
| 108|0x0000000786c00000, 0x0000000786d00000, 0x0000000786d00000|100%| E|CS|TAMS 0x0000000786c00000, 0x0000000786c00000| Complete 
| 109|0x0000000786d00000, 0x0000000786e00000, 0x0000000786e00000|100%| E|CS|TAMS 0x0000000786d00000, 0x0000000786d00000| Complete 
| 110|0x0000000786e00000, 0x0000000786f00000, 0x0000000786f00000|100%| E|CS|TAMS 0x0000000786e00000, 0x0000000786e00000| Complete 
| 111|0x0000000786f00000, 0x0000000787000000, 0x0000000787000000|100%| E|CS|TAMS 0x0000000786f00000, 0x0000000786f00000| Complete 
| 112|0x0000000787000000, 0x0000000787100000, 0x0000000787100000|100%| E|CS|TAMS 0x0000000787000000, 0x0000000787000000| Complete 
| 113|0x0000000787100000, 0x0000000787200000, 0x0000000787200000|100%| E|CS|TAMS 0x0000000787100000, 0x0000000787100000| Complete 
| 114|0x0000000787200000, 0x0000000787300000, 0x0000000787300000|100%| E|CS|TAMS 0x0000000787200000, 0x0000000787200000| Complete 
| 115|0x0000000787300000, 0x0000000787400000, 0x0000000787400000|100%| E|CS|TAMS 0x0000000787300000, 0x0000000787300000| Complete 
| 116|0x0000000787400000, 0x0000000787500000, 0x0000000787500000|100%| E|CS|TAMS 0x0000000787400000, 0x0000000787400000| Complete 
| 117|0x0000000787500000, 0x0000000787600000, 0x0000000787600000|100%| E|CS|TAMS 0x0000000787500000, 0x0000000787500000| Complete 
| 118|0x0000000787600000, 0x0000000787700000, 0x0000000787700000|100%| E|CS|TAMS 0x0000000787600000, 0x0000000787600000| Complete 
| 119|0x0000000787700000, 0x0000000787800000, 0x0000000787800000|100%| E|CS|TAMS 0x0000000787700000, 0x0000000787700000| Complete 
| 120|0x0000000787800000, 0x0000000787900000, 0x0000000787900000|100%| E|CS|TAMS 0x0000000787800000, 0x0000000787800000| Complete 
| 121|0x0000000787900000, 0x0000000787a00000, 0x0000000787a00000|100%| E|CS|TAMS 0x0000000787900000, 0x0000000787900000| Complete 
| 122|0x0000000787a00000, 0x0000000787b00000, 0x0000000787b00000|100%| E|CS|TAMS 0x0000000787a00000, 0x0000000787a00000| Complete 
| 123|0x0000000787b00000, 0x0000000787c00000, 0x0000000787c00000|100%| E|CS|TAMS 0x0000000787b00000, 0x0000000787b00000| Complete 
| 124|0x0000000787c00000, 0x0000000787d00000, 0x0000000787d00000|100%| E|CS|TAMS 0x0000000787c00000, 0x0000000787c00000| Complete 
| 125|0x0000000787d00000, 0x0000000787e00000, 0x0000000787e00000|100%| E|CS|TAMS 0x0000000787d00000, 0x0000000787d00000| Complete 
| 126|0x0000000787e00000, 0x0000000787f00000, 0x0000000787f00000|100%| E|CS|TAMS 0x0000000787e00000, 0x0000000787e00000| Complete 
| 127|0x0000000787f00000, 0x0000000788000000, 0x0000000788000000|100%| E|CS|TAMS 0x0000000787f00000, 0x0000000787f00000| Complete 

Card table byte_map: [0x0000000108874000,0x0000000108c74000] _byte_map_base: 0x0000000104c74000

Marking Bits (Prev, Next): (CMBitMap*) 0x00007fd044008a50, (CMBitMap*) 0x00007fd044008a18
 Prev Bits: [0x000000010c09f000, 0x000000010e09f000)
 Next Bits: [0x000000010a09f000, 0x000000010c09f000)

Polling page: 0x00000001081ee000

Metaspace:

Usage:
  Non-class:     26.94 MB capacity,    26.51 MB ( 98%) used,   391.30 KB (  1%) free+waste,    46.44 KB ( <1%) overhead. 
      Class:      3.41 MB capacity,     3.20 MB ( 94%) used,   195.85 KB (  6%) free+waste,    19.62 KB ( <1%) overhead. 
       Both:     30.34 MB capacity,    29.71 MB ( 98%) used,   587.15 KB (  2%) free+waste,    66.06 KB ( <1%) overhead. 

Virtual space:
  Non-class space:       28.00 MB reserved,      27.42 MB ( 98%) committed 
      Class space:        1.00 GB reserved,       3.50 MB ( <1%) committed 
             Both:        1.03 GB reserved,      30.92 MB (  3%) committed 

Chunk freelists:
   Non-Class:  36.50 KB
       Class:  3.88 KB
        Both:  40.38 KB

CodeHeap 'non-profiled nmethods': size=120032Kb used=1755Kb max_used=1755Kb free=118276Kb
 bounds [0x00000001216fd000, 0x000000012196d000, 0x0000000128c35000]
CodeHeap 'profiled nmethods': size=120032Kb used=8682Kb max_used=8682Kb free=111349Kb
 bounds [0x000000011a1c5000, 0x000000011aa45000, 0x00000001216fd000]
CodeHeap 'non-nmethods': size=5696Kb used=1125Kb max_used=1143Kb free=4570Kb
 bounds [0x0000000119c35000, 0x0000000119ea5000, 0x000000011a1c5000]
 total_blobs=5424 nmethods=4202 adapters=363
 compilation: enabled
              stopped_count=0, restarted_count=0
 full_count=0

Compilation events (10 events):
Event: 5.382 Thread 0x00007fd04384c800 4216       3       java.nio.HeapByteBuffer::put (163 bytes)
Event: 5.384 Thread 0x00007fd04384c800 nmethod 4216 0x000000011aa3ba90 code [0x000000011aa3bd80, 0x000000011aa3ce18]
Event: 5.384 Thread 0x00007fd04384c800 4217       3       sun.nio.ch.IOUtil::readIntoNativeBuffer (157 bytes)
Event: 5.384 Thread 0x00007fd042293800 nmethod 4162 0x00000001218b0e10 code [0x00000001218b10c0, 0x00000001218b2eb0]
Event: 5.384 Thread 0x00007fd042293800 4190       4       jdk.nio.zipfs.ZipCoder$UTF8::toString (49 bytes)
Event: 5.385 Thread 0x00007fd04384c800 nmethod 4217 0x000000011aa3d290 code [0x000000011aa3d4e0, 0x000000011aa3dee8]
Event: 5.385 Thread 0x00007fd04384c800 4219       2       sun.nio.ch.Util::getTemporaryDirectBuffer (55 bytes)
Event: 5.385 Thread 0x00007fd04384c800 nmethod 4219 0x000000011aa3e190 code [0x000000011aa3e3a0, 0x000000011aa3e808]
Event: 5.385 Thread 0x00007fd04384c800 4220       3       sun.nio.ch.Util::offerFirstTemporaryDirectBuffer (53 bytes)
Event: 5.386 Thread 0x00007fd04384c800 nmethod 4220 0x000000011aa3ea90 code [0x000000011aa3ed00, 0x000000011aa3f738]

GC Heap History (10 events):
Event: 1.655 GC heap after
{Heap after GC invocations=2 (full 0):
 garbage-first heap   total 131072K, used 3492K [0x0000000780000000, 0x0000000800000000)
  region size 1024K, 1 young (1024K), 1 survivors (1024K)
 Metaspace       used 12506K, capacity 12671K, committed 12928K, reserved 1060864K
  class space    used 1261K, capacity 1350K, committed 1408K, reserved 1048576K
}
Event: 2.335 GC heap before
{Heap before GC invocations=2 (full 0):
 garbage-first heap   total 131072K, used 32164K [0x0000000780000000, 0x0000000800000000)
  region size 1024K, 29 young (29696K), 1 survivors (1024K)
 Metaspace       used 16126K, capacity 16400K, committed 16768K, reserved 1064960K
  class space    used 1716K, capacity 1843K, committed 1920K, reserved 1048576K
}
Event: 2.339 GC heap after
{Heap after GC invocations=3 (full 0):
 garbage-first heap   total 131072K, used 4630K [0x0000000780000000, 0x0000000800000000)
  region size 1024K, 2 young (2048K), 2 survivors (2048K)
 Metaspace       used 16126K, capacity 16400K, committed 16768K, reserved 1064960K
  class space    used 1716K, capacity 1843K, committed 1920K, reserved 1048576K
}
Event: 3.594 GC heap before
{Heap before GC invocations=3 (full 0):
 garbage-first heap   total 131072K, used 54806K [0x0000000780000000, 0x0000000800000000)
  region size 1024K, 51 young (52224K), 2 survivors (2048K)
 Metaspace       used 20564K, capacity 20862K, committed 21296K, reserved 1069056K
  class space    used 2185K, capacity 2315K, committed 2432K, reserved 1048576K
}
Event: 3.606 GC heap after
{Heap after GC invocations=4 (full 0):
 garbage-first heap   total 131072K, used 8063K [0x0000000780000000, 0x0000000800000000)
  region size 1024K, 5 young (5120K), 5 survivors (5120K)
 Metaspace       used 20564K, capacity 20862K, committed 21296K, reserved 1069056K
  class space    used 2185K, capacity 2315K, committed 2432K, reserved 1048576K
}
Event: 3.608 GC heap before
{Heap before GC invocations=4 (full 0):
 garbage-first heap   total 131072K, used 8063K [0x0000000780000000, 0x0000000800000000)
  region size 1024K, 6 young (6144K), 5 survivors (5120K)
 Metaspace       used 20565K, capacity 20862K, committed 21296K, reserved 1069056K
  class space    used 2185K, capacity 2315K, committed 2432K, reserved 1048576K
}
Event: 3.620 GC heap after
{Heap after GC invocations=5 (full 0):
 garbage-first heap   total 131072K, used 8490K [0x0000000780000000, 0x0000000800000000)
  region size 1024K, 4 young (4096K), 4 survivors (4096K)
 Metaspace       used 20565K, capacity 20862K, committed 21296K, reserved 1069056K
  class space    used 2185K, capacity 2315K, committed 2432K, reserved 1048576K
}
Event: 4.189 GC heap before
{Heap before GC invocations=6 (full 0):
 garbage-first heap   total 131072K, used 57642K [0x0000000780000000, 0x0000000800000000)
  region size 1024K, 52 young (53248K), 4 survivors (4096K)
 Metaspace       used 21623K, capacity 21979K, committed 22320K, reserved 1069056K
  class space    used 2264K, capacity 2388K, committed 2432K, reserved 1048576K
}
Event: 4.202 GC heap after
{Heap after GC invocations=7 (full 0):
 garbage-first heap   total 131072K, used 10641K [0x0000000780000000, 0x0000000800000000)
  region size 1024K, 3 young (3072K), 3 survivors (3072K)
 Metaspace       used 21623K, capacity 21979K, committed 22320K, reserved 1069056K
  class space    used 2264K, capacity 2388K, committed 2432K, reserved 1048576K
}
Event: 5.386 GC heap before
{Heap before GC invocations=7 (full 0):
 garbage-first heap   total 131072K, used 63889K [0x0000000780000000, 0x0000000800000000)
  region size 1024K, 55 young (56320K), 3 survivors (3072K)
 Metaspace       used 30419K, capacity 31073K, committed 31664K, reserved 1077248K
  class space    used 3273K, capacity 3489K, committed 3584K, reserved 1048576K
}

Deoptimization events (10 events):
Event: 4.604 Thread 0x00007fd042808800 Uncommon trap: reason=intrinsic_or_type_checked_inlining action=make_not_entrant pc=0x0000000121878c6c method=java.util.Arrays.copyOf([Ljava/lang/Object;ILjava/lang/Class;)[Ljava/lang/Object; @ 35 c2
Event: 4.651 Thread 0x00007fd042808800 Uncommon trap: reason=profile_predicate action=maybe_recompile pc=0x00000001217b0fc8 method=jdk.internal.jimage.ImageStringsReader.charsFromByteBuffer([CLjava/nio/ByteBuffer;)V @ 6 c2
Event: 4.657 Thread 0x00007fd042808800 Uncommon trap: reason=profile_predicate action=maybe_recompile pc=0x00000001217b0fc8 method=jdk.internal.jimage.ImageStringsReader.charsFromByteBuffer([CLjava/nio/ByteBuffer;)V @ 6 c2
Event: 4.658 Thread 0x00007fd042808800 Uncommon trap: reason=profile_predicate action=maybe_recompile pc=0x00000001217b0fc8 method=jdk.internal.jimage.ImageStringsReader.charsFromByteBuffer([CLjava/nio/ByteBuffer;)V @ 6 c2
Event: 4.658 Thread 0x00007fd042808800 Uncommon trap: reason=profile_predicate action=maybe_recompile pc=0x00000001217b0fc8 method=jdk.internal.jimage.ImageStringsReader.charsFromByteBuffer([CLjava/nio/ByteBuffer;)V @ 6 c2
Event: 5.027 Thread 0x00007fd042808800 Uncommon trap: reason=class_check action=maybe_recompile pc=0x0000000121729a88 method=jdk.internal.loader.URLClassPath.getLoader(I)Ljdk/internal/loader/URLClassPath$Loader; @ 88 c2
Event: 5.028 Thread 0x00007fd042808800 Uncommon trap: reason=unloaded action=reinterpret pc=0x000000012172f214 method=java.util.jar.JarFile.checkForSpecialAttributes()V @ 99 c2
Event: 5.028 Thread 0x00007fd042808800 Uncommon trap: reason=unstable_if action=reinterpret pc=0x0000000121730618 method=java.util.jar.JarFile.isMultiRelease()Z @ 4 c2
Event: 5.029 Thread 0x00007fd042808800 Uncommon trap: reason=unloaded action=reinterpret pc=0x00000001217216a0 method=java.util.jar.JarFile.checkForSpecialAttributes()V @ 99 c2
Event: 5.045 Thread 0x00007fd042808800 Uncommon trap: reason=unstable_if action=reinterpret pc=0x000000012171c0c4 method=java.lang.StringUTF16.compress([CI[BII)I @ 20 c2

Classes redefined (0 events):
No events

Internal exceptions (10 events):
Event: 1.564 Thread 0x00007fd042808800 Exception <a 'java/lang/NoClassDefFoundError'{0x0000000787a84978}: javax/enterprise/inject/Typed> (0x0000000787a84978) thrown at [/scratch/mesos/slaves/83bb4d84-382c-4ead-b585-d8ef0018fefe-S19331/frameworks/1735e8a2-a1db-478c-8104-60c8b0af87dd-0196/execut
Event: 2.600 Thread 0x00007fd042808800 Exception <a 'java/lang/NoClassDefFoundError'{0x0000000787657b90}: com/google/inject/servlet/ServletModuleTargetVisitor> (0x0000000787657b90) thrown at [/scratch/mesos/slaves/83bb4d84-382c-4ead-b585-d8ef0018fefe-S19331/frameworks/1735e8a2-a1db-478c-8104-6
Event: 2.600 Thread 0x00007fd042808800 Exception <a 'java/lang/NoClassDefFoundError'{0x0000000787657b90}> (0x0000000787657b90) thrown at [/scratch/mesos/slaves/83bb4d84-382c-4ead-b585-d8ef0018fefe-S19331/frameworks/1735e8a2-a1db-478c-8104-60c8b0af87dd-0196/executors/452f932d-9761-444d-b125-c42
Event: 3.921 Thread 0x00007fd042808800 Implicit null exception at 0x000000012175adf5 to 0x000000012175afe2
Event: 3.923 Thread 0x00007fd042808800 Implicit null exception at 0x0000000121798d2f to 0x0000000121798da9
Event: 4.822 Thread 0x00007fd042808800 Exception <a 'java/lang/NoSuchMethodError'{0x0000000785ddbc68}: java.lang.invoke.DirectMethodHandle$Holder.invokeVirtual(Ljava/lang/Object;Ljava/lang/Object;Ljava/lang/Object;)I> (0x0000000785ddbc68) thrown at [/scratch/mesos/slaves/83bb4d84-382c-4ead-b58
Event: 4.893 Thread 0x00007fd042808800 Exception <a 'java/lang/NoSuchMethodError'{0x0000000785cf4580}: java.lang.invoke.DirectMethodHandle$Holder.invokeStaticInit(Ljava/lang/Object;Ljava/lang/Object;)I> (0x0000000785cf4580) thrown at [/scratch/mesos/slaves/83bb4d84-382c-4ead-b585-d8ef0018fefe-
Event: 4.962 Thread 0x00007fd042808800 Exception <a 'java/lang/NoSuchMethodError'{0x0000000785bc20b8}: java.lang.invoke.DirectMethodHandle$Holder.invokeVirtual(Ljava/lang/Object;Ljava/lang/Object;)I> (0x0000000785bc20b8) thrown at [/scratch/mesos/slaves/83bb4d84-382c-4ead-b585-d8ef0018fefe-S19
Event: 4.968 Thread 0x00007fd042808800 Exception <a 'java/lang/NoSuchMethodError'{0x0000000785bf0e08}: java.lang.invoke.Invokers$Holder.linkToTargetMethod(Ljava/lang/Object;Ljava/lang/Object;Ljava/lang/Object;Ljava/lang/Object;Ljava/lang/Object;Ljava/lang/Object;)Ljava/lang/Object;> (0x0000000
Event: 5.113 Thread 0x00007fd042808800 Exception <a 'java/lang/NoSuchMethodError'{0x00000007858b7cb0}: java.lang.invoke.DirectMethodHandle$Holder.invokeSpecial(Ljava/lang/Object;Ljava/lang/Object;Ljava/lang/Object;Ljava/lang/Object;)I> (0x00000007858b7cb0) thrown at [/scratch/mesos/slaves/83bb

Events (10 events):
Event: 5.244 Thread 0x00007fd042808800 DEOPT UNPACKING pc=0x0000000119c5d7ba sp=0x000070000549da28 mode 0
Event: 5.246 Thread 0x00007fd042808800 DEOPT PACKING pc=0x000000011a9d57a7 sp=0x000070000549e570
Event: 5.246 Thread 0x00007fd042808800 DEOPT UNPACKING pc=0x0000000119c5d7ba sp=0x000070000549da28 mode 0
Event: 5.247 Thread 0x00007fd042808800 DEOPT PACKING pc=0x000000011a9d57a7 sp=0x000070000549e570
Event: 5.247 Thread 0x00007fd042808800 DEOPT UNPACKING pc=0x0000000119c5d7ba sp=0x000070000549da28 mode 0
Event: 5.249 Thread 0x00007fd042808800 DEOPT PACKING pc=0x000000011a9d57a7 sp=0x000070000549e570
Event: 5.249 Thread 0x00007fd042808800 DEOPT UNPACKING pc=0x0000000119c5d7ba sp=0x000070000549da28 mode 0
Event: 5.250 Thread 0x00007fd042808800 DEOPT PACKING pc=0x000000011a9d57a7 sp=0x000070000549e570
Event: 5.250 Thread 0x00007fd042808800 DEOPT UNPACKING pc=0x0000000119c5d7ba sp=0x000070000549da28 mode 0
Event: 5.386 Executing VM operation: G1CollectForAllocation


Dynamic libraries:
0x00007ff817a72000 	/System/Library/Frameworks/Cocoa.framework/Versions/A/Cocoa
0x00007ff8036ca000 	/System/Library/Frameworks/AppKit.framework/Versions/C/AppKit
0x00007ff806be1000 	/System/Library/Frameworks/CoreData.framework/Versions/A/CoreData
0x00007ff801acd000 	/System/Library/Frameworks/Foundation.framework/Versions/C/Foundation
0x00007ff80ba03000 	/usr/lib/libSystem.B.dylib
0x00007ff80455a000 	/System/Library/PrivateFrameworks/UIFoundation.framework/Versions/A/UIFoundation
0x00007ff811974000 	/System/Library/PrivateFrameworks/RemoteViewServices.framework/Versions/A/RemoteViewServices
0x00007ff809c57000 	/System/Library/PrivateFrameworks/XCTTargetBootstrap.framework/Versions/A/XCTTargetBootstrap
0x00007ff80d80a000 	/System/Library/PrivateFrameworks/InternationalSupport.framework/Versions/A/InternationalSupport
0x00007ff80d894000 	/System/Library/PrivateFrameworks/UserActivity.framework/Versions/A/UserActivity
0x00007ff80cbea000 	/usr/lib/libspindump.dylib
0x00007ff8047e9000 	/System/Library/Frameworks/UniformTypeIdentifiers.framework/Versions/A/UniformTypeIdentifiers
0x00007ff80837b000 	/usr/lib/libapp_launch_measurement.dylib
0x00007ff8075b3000 	/System/Library/PrivateFrameworks/CoreAnalytics.framework/Versions/A/CoreAnalytics
0x00007ff80837e000 	/System/Library/PrivateFrameworks/CoreAutoLayout.framework/Versions/A/CoreAutoLayout
0x00007ff8095ae000 	/System/Library/Frameworks/Metal.framework/Versions/A/Metal
0x00007ff80a2dd000 	/usr/lib/liblangid.dylib
0x00007ff809c5c000 	/System/Library/PrivateFrameworks/CoreSVG.framework/Versions/A/CoreSVG
0x00007ff805bd5000 	/System/Library/PrivateFrameworks/SkyLight.framework/Versions/A/SkyLight
0x00007ff805f74000 	/System/Library/Frameworks/CoreGraphics.framework/Versions/A/CoreGraphics
0x00007ff812034000 	/System/Library/Frameworks/Accelerate.framework/Versions/A/Accelerate
0x00007ff80c669000 	/System/Library/PrivateFrameworks/IconServices.framework/Versions/A/IconServices
0x00007ff809593000 	/System/Library/Frameworks/IOSurface.framework/Versions/A/IOSurface
0x00007ff8075e1000 	/usr/lib/libDiagnosticMessagesClient.dylib
0x00007ff80b923000 	/usr/lib/libz.1.dylib
0x00007ff815716000 	/System/Library/Frameworks/ApplicationServices.framework/Versions/A/ApplicationServices
0x00007ff809c43000 	/System/Library/PrivateFrameworks/DFRFoundation.framework/Versions/A/DFRFoundation
0x00007ff802fb2000 	/usr/lib/libicucore.A.dylib
0x00007ff80e600000 	/System/Library/Frameworks/AudioToolbox.framework/Versions/A/AudioToolbox
0x00007ff80d816000 	/System/Library/PrivateFrameworks/DataDetectorsCore.framework/Versions/A/DataDetectorsCore
0x00007ff909d14000 	/System/Library/PrivateFrameworks/TextInput.framework/Versions/A/TextInput
0x00007ff805b58000 	/usr/lib/libMobileGestalt.dylib
0x00007ff80994f000 	/System/Library/Frameworks/Carbon.framework/Versions/A/Frameworks/HIToolbox.framework/Versions/A/HIToolbox
0x00007ff807d7e000 	/System/Library/Frameworks/QuartzCore.framework/Versions/A/QuartzCore
0x00007ff802c57000 	/System/Library/Frameworks/Security.framework/Versions/A/Security
0x00007ff8119ac000 	/System/Library/Frameworks/Carbon.framework/Versions/A/Frameworks/SpeechRecognition.framework/Versions/A/SpeechRecognition
0x00007ff8080db000 	/System/Library/PrivateFrameworks/CoreUI.framework/Versions/A/CoreUI
0x00007ff802521000 	/System/Library/Frameworks/CoreAudio.framework/Versions/A/CoreAudio
0x00007ff8076d0000 	/System/Library/Frameworks/DiskArbitration.framework/Versions/A/DiskArbitration
0x00007ff80cfd8000 	/System/Library/PrivateFrameworks/MultitouchSupport.framework/Versions/A/MultitouchSupport
0x00007ff805b57000 	/usr/lib/libenergytrace.dylib
0x00007ff8035b6000 	/System/Library/Frameworks/IOKit.framework/Versions/A/IOKit
0x00007ff811d9c000 	/System/Library/Frameworks/CoreServices.framework/Versions/A/CoreServices
0x00007ff808315000 	/System/Library/PrivateFrameworks/PerformanceAnalysis.framework/Versions/A/PerformanceAnalysis
0x00007ffa199f6000 	/System/Library/Frameworks/OpenGL.framework/Versions/A/OpenGL
0x00007ff80af3f000 	/System/Library/PrivateFrameworks/MobileKeyBag.framework/Versions/A/MobileKeyBag
0x00007ff800a97000 	/usr/lib/libobjc.A.dylib
0x00007ff806640000 	/System/Library/Frameworks/ColorSync.framework/Versions/A/ColorSync
0x00007ff800c51000 	/System/Library/Frameworks/CoreFoundation.framework/Versions/A/CoreFoundation
0x00007ff809ed3000 	/System/Library/Frameworks/CoreImage.framework/Versions/A/CoreImage
0x00007ff802335000 	/System/Library/Frameworks/CoreText.framework/Versions/A/CoreText
0x00007ff809c8c000 	/System/Library/Frameworks/ImageIO.framework/Versions/A/ImageIO
0x00007ff80ba09000 	/System/Library/PrivateFrameworks/SoftLinking.framework/Versions/A/SoftLinking
0x00007ff8083c6000 	/usr/lib/libxml2.2.dylib
0x00007ff800b5d000 	/usr/lib/libc++.1.dylib
0x00007ff80bc8d000 	/usr/lib/libcompression.dylib
0x00007ff80d73d000 	/System/Library/PrivateFrameworks/TextureIO.framework/Versions/A/TextureIO
0x00007ff80c37b000 	/usr/lib/libate.dylib
0x00007ff80b9fe000 	/usr/lib/system/libcache.dylib
0x00007ff80b9ba000 	/usr/lib/system/libcommonCrypto.dylib
0x00007ff80b9e3000 	/usr/lib/system/libcompiler_rt.dylib
0x00007ff80b9d9000 	/usr/lib/system/libcopyfile.dylib
0x00007ff800992000 	/usr/lib/system/libcorecrypto.dylib
0x00007ff800a50000 	/usr/lib/system/libdispatch.dylib
0x00007ff800c10000 	/usr/lib/system/libdyld.dylib
0x00007ff80b9f5000 	/usr/lib/system/libkeymgr.dylib
0x00007ff80b998000 	/usr/lib/system/libmacho.dylib
0x00007ff80b019000 	/usr/lib/system/libquarantine.dylib
0x00007ff80b9f3000 	/usr/lib/system/libremovefile.dylib
0x00007ff805ba5000 	/usr/lib/system/libsystem_asl.dylib
0x00007ff80093b000 	/usr/lib/system/libsystem_blocks.dylib
0x00007ff800ad4000 	/usr/lib/system/libsystem_c.dylib
0x00007ff80b9eb000 	/usr/lib/system/libsystem_collections.dylib
0x00007ff80a2cd000 	/usr/lib/system/libsystem_configuration.dylib
0x00007ff809576000 	/usr/lib/system/libsystem_containermanager.dylib
0x00007ff80b6d0000 	/usr/lib/system/libsystem_coreservices.dylib
0x00007ff803246000 	/usr/lib/system/libsystem_darwin.dylib
0x00007ff80b9f6000 	/usr/lib/system/libsystem_dnssd.dylib
0x00007ff800ad1000 	/usr/lib/system/libsystem_featureflags.dylib
0x00007ff800c26000 	/usr/lib/system/libsystem_info.dylib
0x00007ff80b936000 	/usr/lib/system/libsystem_m.dylib
0x00007ff800a24000 	/usr/lib/system/libsystem_malloc.dylib
0x00007ff805b40000 	/usr/lib/system/libsystem_networkextension.dylib
0x00007ff80366c000 	/usr/lib/system/libsystem_notify.dylib
0x00007ff811c71000 	/usr/lib/system/libsystem_product_info_filter.dylib
0x00007ff80a2d1000 	/usr/lib/system/libsystem_sandbox.dylib
0x00007ff80b9f0000 	/usr/lib/system/libsystem_secinit.dylib
0x00007ff800bcc000 	/usr/lib/system/libsystem_kernel.dylib
0x00007ff800c1c000 	/usr/lib/system/libsystem_platform.dylib
0x00007ff800c04000 	/usr/lib/system/libsystem_pthread.dylib
0x00007ff8073f3000 	/usr/lib/system/libsystem_symptoms.dylib
0x00007ff800979000 	/usr/lib/system/libsystem_trace.dylib
0x00007ff80b9c6000 	/usr/lib/system/libunwind.dylib
0x00007ff80093d000 	/usr/lib/system/libxpc.dylib
0x00007ff800bb6000 	/usr/lib/libc++abi.dylib
0x00007ff80b9d1000 	/usr/lib/liboah.dylib
0x00007ff80c157000 	/usr/lib/liblzma.5.dylib
0x00007ff8017df000 	/System/Library/Frameworks/SystemConfiguration.framework/Versions/A/SystemConfiguration
0x00007ff80ba05000 	/usr/lib/libfakelink.dylib
0x00007ff8056b0000 	/System/Library/Frameworks/CFNetwork.framework/Versions/A/CFNetwork
0x00007ff80bb46000 	/usr/lib/libarchive.2.dylib
0x00007ff80a2d9000 	/System/Library/PrivateFrameworks/AppleSystemInfo.framework/Versions/A/AppleSystemInfo
0x00007ff80b040000 	/usr/lib/libbsm.0.dylib
0x00007ff804cbf000 	/usr/lib/libnetwork.dylib
0x00007ff80b99e000 	/usr/lib/system/libkxld.dylib
0x00007ff80ac73000 	/System/Library/PrivateFrameworks/IOMobileFramebuffer.framework/Versions/A/IOMobileFramebuffer
0x00007ffb193c0000 	/usr/lib/libCoreEntitlements.dylib
0x00007ff80b6b2000 	/System/Library/PrivateFrameworks/AppleFSCompression.framework/Versions/A/AppleFSCompression
0x00007ff80b028000 	/usr/lib/libcoretls.dylib
0x00007ff80c171000 	/usr/lib/libcoretls_cfhelpers.dylib
0x00007ff80bc88000 	/usr/lib/libpam.2.dylib
0x00007ff807012000 	/usr/lib/libsqlite3.dylib
0x00007ff80c1e0000 	/usr/lib/libxar.1.dylib
0x00007ff80b6c2000 	/usr/lib/libbz2.1.0.dylib
0x00007ff80ba0a000 	/usr/lib/libpcap.A.dylib
0x00007ff8073eb000 	/usr/lib/libdns_services.dylib
0x00007ff80bc58000 	/usr/lib/libapple_nghttp2.dylib
0x00007ff80ba44000 	/usr/lib/libiconv.2.dylib
0x00007ff80b997000 	/usr/lib/libcharset.1.dylib
0x00007ff808349000 	/System/Library/Frameworks/CoreServices.framework/Versions/A/Frameworks/FSEvents.framework/Versions/A/FSEvents
0x00007ff803250000 	/System/Library/Frameworks/CoreServices.framework/Versions/A/Frameworks/CarbonCore.framework/Versions/A/CarbonCore
0x00007ff807634000 	/System/Library/Frameworks/CoreServices.framework/Versions/A/Frameworks/Metadata.framework/Versions/A/Metadata
0x00007ff80b6d5000 	/System/Library/Frameworks/CoreServices.framework/Versions/A/Frameworks/OSServices.framework/Versions/A/OSServices
0x00007ff80bbcd000 	/System/Library/Frameworks/CoreServices.framework/Versions/A/Frameworks/SearchKit.framework/Versions/A/SearchKit
0x00007ff80737d000 	/System/Library/Frameworks/CoreServices.framework/Versions/A/Frameworks/AE.framework/Versions/A/AE
0x00007ff801154000 	/System/Library/Frameworks/CoreServices.framework/Versions/A/Frameworks/LaunchServices.framework/Versions/A/LaunchServices
0x00007ff80c108000 	/System/Library/Frameworks/CoreServices.framework/Versions/A/Frameworks/DictionaryServices.framework/Versions/A/DictionaryServices
0x00007ff808356000 	/System/Library/Frameworks/CoreServices.framework/Versions/A/Frameworks/SharedFileList.framework/Versions/A/SharedFileList
0x00007ff80b01c000 	/usr/lib/libCheckFix.dylib
0x00007ff805bbc000 	/System/Library/PrivateFrameworks/TCC.framework/Versions/A/TCC
0x00007ff80a2df000 	/System/Library/PrivateFrameworks/CoreNLP.framework/Versions/A/CoreNLP
0x00007ff8075e4000 	/System/Library/PrivateFrameworks/MetadataUtilities.framework/Versions/A/MetadataUtilities
0x00007ff801890000 	/usr/lib/libmecabra.dylib
0x00007ff80b050000 	/usr/lib/libmecab.dylib
0x00007ff80185b000 	/usr/lib/libCRFSuite.dylib
0x00007ff80b0aa000 	/usr/lib/libgermantok.dylib
0x00007ff80bc33000 	/usr/lib/libThaiTokenizer.dylib
0x00007ff8076d7000 	/System/Library/Frameworks/Accelerate.framework/Versions/A/Frameworks/vImage.framework/Versions/A/vImage
0x00007ff811d73000 	/System/Library/Frameworks/Accelerate.framework/Versions/A/Frameworks/vecLib.framework/Versions/A/vecLib
0x00007ff80c221000 	/System/Library/Frameworks/Accelerate.framework/Versions/A/Frameworks/vecLib.framework/Versions/A/libvMisc.dylib
0x00007ff80aa9e000 	/System/Library/Frameworks/Accelerate.framework/Versions/A/Frameworks/vecLib.framework/Versions/A/libvDSP.dylib
0x00007ff8014cf000 	/System/Library/Frameworks/Accelerate.framework/Versions/A/Frameworks/vecLib.framework/Versions/A/libBLAS.dylib
0x00007ff80bd6a000 	/System/Library/Frameworks/Accelerate.framework/Versions/A/Frameworks/vecLib.framework/Versions/A/libLAPACK.dylib
0x00007ff80b0ad000 	/System/Library/Frameworks/Accelerate.framework/Versions/A/Frameworks/vecLib.framework/Versions/A/libLinearAlgebra.dylib
0x00007ff80bc70000 	/System/Library/Frameworks/Accelerate.framework/Versions/A/Frameworks/vecLib.framework/Versions/A/libSparseBLAS.dylib
0x00007ff80bd64000 	/System/Library/Frameworks/Accelerate.framework/Versions/A/Frameworks/vecLib.framework/Versions/A/libQuadrature.dylib
0x00007ff80a3ca000 	/System/Library/Frameworks/Accelerate.framework/Versions/A/Frameworks/vecLib.framework/Versions/A/libBNNS.dylib
0x00007ff801769000 	/System/Library/Frameworks/Accelerate.framework/Versions/A/Frameworks/vecLib.framework/Versions/A/libSparse.dylib
0x00007ff80a3c3000 	/System/Library/PrivateFrameworks/LinguisticData.framework/Versions/A/LinguisticData
0x00007ff80171f000 	/System/Library/PrivateFrameworks/Lexicon.framework/Versions/A/Lexicon
0x00007ff80c21a000 	/usr/lib/libChineseTokenizer.dylib
0x00007ff801e8a000 	/System/Library/PrivateFrameworks/LanguageModeling.framework/Versions/A/LanguageModeling
0x00007ff80bc35000 	/System/Library/PrivateFrameworks/AppleSauce.framework/Versions/A/AppleSauce
0x00007ff80ac61000 	/System/Library/PrivateFrameworks/CoreEmoji.framework/Versions/A/CoreEmoji
0x00007ff80bb35000 	/usr/lib/libcmph.dylib
0x00007ff80832d000 	/System/Library/Frameworks/OpenDirectory.framework/Versions/A/Frameworks/CFOpenDirectory.framework/Versions/A/CFOpenDirectory
0x00007ff808321000 	/System/Library/Frameworks/OpenDirectory.framework/Versions/A/OpenDirectory
0x00007ff80c173000 	/System/Library/PrivateFrameworks/APFS.framework/Versions/A/APFS
0x00007ff80af77000 	/System/Library/Frameworks/SecurityFoundation.framework/Versions/A/SecurityFoundation
0x00007ff80c1ee000 	/usr/lib/libutil.dylib
0x00007ff80357a000 	/System/Library/PrivateFrameworks/CoreServicesStore.framework/Versions/A/CoreServicesStore
0x00007ff80c1f2000 	/usr/lib/libxslt.1.dylib
0x00007ff80b004000 	/System/Library/PrivateFrameworks/BackgroundTaskManagement.framework/Versions/A/BackgroundTaskManagement
0x00007ff80d65d000 	/System/Library/Frameworks/ImageIO.framework/Versions/A/Resources/libRadiance.dylib
0x00007ff80d666000 	/System/Library/Frameworks/ImageIO.framework/Versions/A/Resources/libJPEG.dylib
0x00007ff80d5b7000 	/System/Library/Frameworks/ImageIO.framework/Versions/A/Resources/libPng.dylib
0x00007ff80d5d8000 	/System/Library/Frameworks/ImageIO.framework/Versions/A/Resources/libTIFF.dylib
0x00007ff80d6c6000 	/System/Library/Frameworks/ImageIO.framework/Versions/A/Resources/libGIF.dylib
0x00007ff80cef2000 	/System/Library/Frameworks/ImageIO.framework/Versions/A/Resources/libJP2.dylib
0x00007ff80c630000 	/usr/lib/libexpat.1.dylib
0x00007ff80cea7000 	/System/Library/PrivateFrameworks/AppleJPEG.framework/Versions/A/AppleJPEG
0x00007ff809813000 	/System/Library/PrivateFrameworks/FontServices.framework/libFontParser.dylib
0x00007ff807327000 	/System/Library/PrivateFrameworks/RunningBoardServices.framework/Versions/A/RunningBoardServices
0x00007ff81802d000 	/System/Library/PrivateFrameworks/IOSurfaceAccelerator.framework/Versions/A/IOSurfaceAccelerator
0x00007ff80cfd4000 	/System/Library/PrivateFrameworks/WatchdogClient.framework/Versions/A/WatchdogClient
0x00007ff801f78000 	/System/Library/Frameworks/CoreDisplay.framework/Versions/A/CoreDisplay
0x00007ff809711000 	/System/Library/Frameworks/CoreMedia.framework/Versions/A/CoreMedia
0x00007ff8095a5000 	/System/Library/PrivateFrameworks/IOAccelerator.framework/Versions/A/IOAccelerator
0x00007ff8084aa000 	/System/Library/Frameworks/CoreVideo.framework/Versions/A/CoreVideo
0x00007ff80bc86000 	/System/Library/Frameworks/MetalPerformanceShaders.framework/Versions/A/MetalPerformanceShaders
0x00007ff80d011000 	/System/Library/Frameworks/VideoToolbox.framework/Versions/A/VideoToolbox
0x00007ff807271000 	/System/Library/PrivateFrameworks/BaseBoard.framework/Versions/A/BaseBoard
0x00007ff806ff8000 	/System/Library/PrivateFrameworks/ProtocolBuffer.framework/Versions/A/ProtocolBuffer
0x00007ff80d656000 	/System/Library/PrivateFrameworks/GPUWrangler.framework/Versions/A/GPUWrangler
0x00007ff80d63a000 	/System/Library/PrivateFrameworks/IOPresentment.framework/Versions/A/IOPresentment
0x00007ff80d660000 	/System/Library/PrivateFrameworks/DSExternalDisplay.framework/Versions/A/DSExternalDisplay
0x00007ffa199ea000 	/System/Library/Frameworks/OpenGL.framework/Versions/A/Libraries/libCoreFSCache.dylib
0x00007ffb06ac1000 	/System/Library/PrivateFrameworks/GPUCompiler.framework/Versions/31001/Libraries/libGPUCompilerUtils.dylib
0x00007ff80d6cb000 	/System/Library/PrivateFrameworks/CMCaptureCore.framework/Versions/A/CMCaptureCore
0x00007ff80cbd8000 	/System/Library/PrivateFrameworks/AppServerSupport.framework/Versions/A/AppServerSupport
0x00007ff80ee99000 	/System/Library/PrivateFrameworks/perfdata.framework/Versions/A/perfdata
0x00007ff8020a4000 	/System/Library/PrivateFrameworks/AudioToolboxCore.framework/Versions/A/AudioToolboxCore
0x00007ff8096ef000 	/System/Library/PrivateFrameworks/caulk.framework/Versions/A/caulk
0x00007ff80e7ab000 	/usr/lib/libAudioStatistics.dylib
0x00007ff9064a2000 	/System/Library/PrivateFrameworks/SystemPolicy.framework/Versions/A/SystemPolicy
0x00007ff80ea06000 	/usr/lib/libSMC.dylib
0x00007ff817925000 	/System/Library/Frameworks/CoreMIDI.framework/Versions/A/CoreMIDI
0x00007ff80d586000 	/usr/lib/libAudioToolboxUtility.dylib
0x00007ff9026ce000 	/System/Library/PrivateFrameworks/OSAServicesClient.framework/Versions/A/OSAServicesClient
0x00007ff80eea6000 	/usr/lib/libperfcheck.dylib
0x00007ff906f4f000 	/usr/lib/libmis.dylib
0x00007ffa19a45000 	/System/Library/Frameworks/OpenGL.framework/Versions/A/Libraries/libGLU.dylib
0x00007ffa19a09000 	/System/Library/Frameworks/OpenGL.framework/Versions/A/Libraries/libGFXShared.dylib
0x00007ffa19c12000 	/System/Library/Frameworks/OpenGL.framework/Versions/A/Libraries/libGL.dylib
0x00007ffa19a12000 	/System/Library/Frameworks/OpenGL.framework/Versions/A/Libraries/libGLImage.dylib
0x00007ffa19a06000 	/System/Library/Frameworks/OpenGL.framework/Versions/A/Libraries/libCVMSPluginSupport.dylib
0x00007ffa199f1000 	/System/Library/Frameworks/OpenGL.framework/Versions/A/Libraries/libCoreVMClient.dylib
0x00007ff80a25b000 	/System/Library/Frameworks/MetalPerformanceShaders.framework/Versions/A/Frameworks/MPSCore.framework/Versions/A/MPSCore
0x00007ff80b61d000 	/System/Library/Frameworks/MetalPerformanceShaders.framework/Versions/A/Frameworks/MPSImage.framework/Versions/A/MPSImage
0x00007ff80b0c3000 	/System/Library/Frameworks/MetalPerformanceShaders.framework/Versions/A/Frameworks/MPSNeuralNetwork.framework/Versions/A/MPSNeuralNetwork
0x00007ff80b537000 	/System/Library/Frameworks/MetalPerformanceShaders.framework/Versions/A/Frameworks/MPSMatrix.framework/Versions/A/MPSMatrix
0x00007ff80b2f2000 	/System/Library/Frameworks/MetalPerformanceShaders.framework/Versions/A/Frameworks/MPSRayIntersector.framework/Versions/A/MPSRayIntersector
0x00007ff80b56f000 	/System/Library/Frameworks/MetalPerformanceShaders.framework/Versions/A/Frameworks/MPSNDArray.framework/Versions/A/MPSNDArray
0x00007ffa1f4ca000 	/System/Library/Frameworks/MetalPerformanceShaders.framework/Versions/A/Frameworks/MPSFunctions.framework/Versions/A/MPSFunctions
0x00007ff8013ab000 	/System/Library/PrivateFrameworks/MetalTools.framework/Versions/A/MetalTools
0x00007ff80a2d7000 	/System/Library/PrivateFrameworks/AggregateDictionary.framework/Versions/A/AggregateDictionary
0x00007ff80c412000 	/usr/lib/libIOReport.dylib
0x00007ffa1b021000 	/System/Library/Frameworks/OpenCL.framework/Versions/A/OpenCL
0x00007ff80c776000 	/System/Library/PrivateFrameworks/FaceCore.framework/Versions/A/FaceCore
0x00007ff80c767000 	/System/Library/PrivateFrameworks/GraphVisualizer.framework/Versions/A/GraphVisualizer
0x00007ffb069cc000 	/System/Library/PrivateFrameworks/FontServices.framework/Versions/A/FontServices
0x00007ff80cb90000 	/System/Library/PrivateFrameworks/OTSVG.framework/Versions/A/OTSVG
0x00007ff808091000 	/System/Library/Frameworks/ApplicationServices.framework/Versions/A/Frameworks/ATS.framework/Versions/A/Resources/libFontRegistry.dylib
0x00007ff80cbe0000 	/System/Library/PrivateFrameworks/FontServices.framework/libhvf.dylib
0x00007ffb069cd000 	/System/Library/PrivateFrameworks/FontServices.framework/libXTFontStaticRegistryData.dylib
0x00007ff80c5e0000 	/System/Library/PrivateFrameworks/AppleVA.framework/Versions/A/AppleVA
0x00007ff80e7cb000 	/System/Library/Frameworks/ApplicationServices.framework/Versions/A/Frameworks/ATS.framework/Versions/A/ATS
0x00007ff80673e000 	/System/Library/Frameworks/ApplicationServices.framework/Versions/A/Frameworks/HIServices.framework/Versions/A/HIServices
0x00007ff80d6d5000 	/System/Library/Frameworks/ApplicationServices.framework/Versions/A/Frameworks/PrintCore.framework/Versions/A/PrintCore
0x00007ff80eb59000 	/System/Library/Frameworks/ApplicationServices.framework/Versions/A/Frameworks/QD.framework/Versions/A/QD
0x00007ff80eb51000 	/System/Library/Frameworks/ApplicationServices.framework/Versions/A/Frameworks/ColorSyncLegacy.framework/Versions/A/ColorSyncLegacy
0x00007ff80e7bb000 	/System/Library/Frameworks/ApplicationServices.framework/Versions/A/Frameworks/SpeechSynthesis.framework/Versions/A/SpeechSynthesis
0x00007ff80d696000 	/System/Library/Frameworks/ApplicationServices.framework/Versions/A/Frameworks/ATSUI.framework/Versions/A/ATSUI
0x00007ff80eae6000 	/usr/lib/libcups.2.dylib
0x00007ff80eeb5000 	/System/Library/Frameworks/Kerberos.framework/Versions/A/Kerberos
0x00007ff80eec4000 	/System/Library/Frameworks/GSS.framework/Versions/A/GSS
0x00007ff80e837000 	/usr/lib/libresolv.9.dylib
0x00007ff80cbef000 	/System/Library/PrivateFrameworks/Heimdal.framework/Versions/A/Heimdal
0x00007ff815aa8000 	/System/Library/Frameworks/Kerberos.framework/Versions/A/Libraries/libHeimdalProxy.dylib
0x00007ff8073fb000 	/System/Library/Frameworks/Network.framework/Versions/A/Network
0x00007ff80c64a000 	/usr/lib/libheimdal-asn1.dylib
0x00007ff80ef0f000 	/System/Library/PrivateFrameworks/CommonAuth.framework/Versions/A/CommonAuth
0x00007ff80e73d000 	/System/Library/PrivateFrameworks/AudioSession.framework/Versions/A/AudioSession
0x00007ff80c6da000 	/System/Library/PrivateFrameworks/MediaExperience.framework/Versions/A/MediaExperience
0x00007ff80e5cf000 	/System/Library/PrivateFrameworks/AudioSession.framework/libSessionUtility.dylib
0x00007ff80eb65000 	/System/Library/PrivateFrameworks/AudioResourceArbitration.framework/Versions/A/AudioResourceArbitration
0x00007ff812be6000 	/System/Library/PrivateFrameworks/PowerLog.framework/Versions/A/PowerLog
0x00007ff80c653000 	/System/Library/PrivateFrameworks/IconFoundation.framework/Versions/A/IconFoundation
0x00007ff81199c000 	/System/Library/PrivateFrameworks/SpeechRecognitionCore.framework/Versions/A/SpeechRecognitionCore
0x0000000108f21000 	/Library/Java/JavaVirtualMachines/jdk-11.0.1.jdk/Contents/Home/lib/server/libjvm.dylib
0x00000001081f8000 	/Library/Java/JavaVirtualMachines/jdk-11.0.1.jdk/Contents/Home/lib/libverify.dylib
0x0000000108231000 	/Library/Java/JavaVirtualMachines/jdk-11.0.1.jdk/Contents/Home/lib/libjava.dylib
0x000000010820c000 	/Library/Java/JavaVirtualMachines/jdk-11.0.1.jdk/Contents/Home/lib/libzip.dylib
0x0000000108214000 	/Library/Java/JavaVirtualMachines/jdk-11.0.1.jdk/Contents/Home/lib/libjimage.dylib
0x0000000108cd3000 	/Library/Java/JavaVirtualMachines/jdk-11.0.1.jdk/Contents/Home/lib/libnio.dylib
0x0000000108cf5000 	/Library/Java/JavaVirtualMachines/jdk-11.0.1.jdk/Contents/Home/lib/libnet.dylib
0x000000010822b000 	/private/var/folders/w2/sr00j0hj25j8q0hzjl3370zr0000gn/T/jansi-2.4.0-924885fc86921b83-libjansi.jnilib


VM Arguments:
jvm_args: -Dclassworlds.conf=/Users/prerana/apache-maven-3.8.6/bin/m2.conf -Dmaven.home=/Users/prerana/apache-maven-3.8.6 -Dlibrary.jansi.path=/Users/prerana/apache-maven-3.8.6/lib/jansi-native -Dmaven.multiModuleProjectDirectory=/Users/prerana/IdeaProjects/FlipkartAutomation 
java_command: org.codehaus.plexus.classworlds.launcher.Launcher clean install
java_class_path (initial): /Users/prerana/apache-maven-3.8.6/boot/plexus-classworlds-2.6.0.jar
Launcher Type: SUN_STANDARD

[Global flags]
     intx CICompilerCount                          = 3                                         {product} {ergonomic}
     uint ConcGCThreads                            = 1                                         {product} {ergonomic}
     uint G1ConcRefinementThreads                  = 4                                         {product} {ergonomic}
   size_t G1HeapRegionSize                         = 1048576                                   {product} {ergonomic}
    uintx GCDrainStackTargetSize                   = 64                                        {product} {ergonomic}
   size_t InitialHeapSize                          = 134217728                                 {product} {ergonomic}
   size_t MarkStackSize                            = 4194304                                   {product} {ergonomic}
   size_t MaxHeapSize                              = 2147483648                                {product} {ergonomic}
   size_t MaxNewSize                               = 1287651328                                {product} {ergonomic}
   size_t MinHeapDeltaBytes                        = 1048576                                   {product} {ergonomic}
    uintx NonNMethodCodeHeapSize                   = 5830092                                {pd product} {ergonomic}
    uintx NonProfiledCodeHeapSize                  = 122914074                              {pd product} {ergonomic}
    uintx ProfiledCodeHeapSize                     = 122914074                              {pd product} {ergonomic}
    uintx ReservedCodeCacheSize                    = 251658240                              {pd product} {ergonomic}
     bool SegmentedCodeCache                       = true                                      {product} {ergonomic}
     bool UseCompressedClassPointers               = true                                 {lp64_product} {ergonomic}
     bool UseCompressedOops                        = true                                 {lp64_product} {ergonomic}
     bool UseG1GC                                  = true                                      {product} {ergonomic}

Logging:
Log output configuration:
 #0: stdout all=warning uptime,level,tags
 #1: stderr all=off uptime,level,tags

Environment Variables:
JAVA_HOME=/Library/Java/JavaVirtualMachines/jdk-11.0.1.jdk/Contents/Home
PATH=/Users/prerana/opt/anaconda3/bin:/Users/prerana/opt/anaconda3/condabin:/Library/Java/JavaVirtualMachines/jdk-11.0.1.jdk/Contents/Home/bin:/usr/local/bin:/usr/bin:/bin:/usr/sbin:/sbin:/usr/local/share/dotnet:~/.dotnet/tools:/Library/Frameworks/Mono.framework/Versions/Current/Commands:/Applications/Xamarin Workbooks.app/Contents/SharedSupport/path-bin:/Users/prerana/apache-maven-3.8.6/bin
SHELL=/bin/bash

Signal Handlers:
SIGSEGV: [libjvm.dylib+0x7525b4], sa_mask[0]=11111111011111110111111111111111, sa_flags=SA_ONSTACK|SA_RESTART|SA_SIGINFO
SIGBUS: [libjvm.dylib+0x7525b4], sa_mask[0]=11111111011111110111111111111111, sa_flags=SA_RESTART|SA_SIGINFO
SIGFPE: [libjvm.dylib+0x7525b4], sa_mask[0]=11111111011111110111111111111111, sa_flags=SA_RESTART|SA_SIGINFO
SIGPIPE: [libjvm.dylib+0x602b72], sa_mask[0]=11111111011111110111111111111111, sa_flags=SA_RESTART|SA_SIGINFO
SIGXFSZ: [libjvm.dylib+0x602b72], sa_mask[0]=11111111011111110111111111111111, sa_flags=SA_RESTART|SA_SIGINFO
SIGILL: [libjvm.dylib+0x7525b4], sa_mask[0]=11111111011111110111111111111111, sa_flags=SA_RESTART|SA_SIGINFO
SIGUSR2: [libjvm.dylib+0x603157], sa_mask[0]=00100000000000000000000000000000, sa_flags=SA_RESTART|SA_SIGINFO
SIGHUP: [libjvm.dylib+0x601bb3], sa_mask[0]=11111111011111110111111111111111, sa_flags=SA_RESTART|SA_SIGINFO
SIGINT: [libjvm.dylib+0x601bb3], sa_mask[0]=11111111011111110111111111111111, sa_flags=SA_RESTART|SA_SIGINFO
SIGTERM: [libjvm.dylib+0x601bb3], sa_mask[0]=11111111011111110111111111111111, sa_flags=SA_RESTART|SA_SIGINFO
SIGQUIT: [libjvm.dylib+0x601bb3], sa_mask[0]=11111111011111110111111111111111, sa_flags=SA_RESTART|SA_SIGINFO


---------------  S Y S T E M  ---------------

OS:uname:Darwin 21.6.0 Darwin Kernel Version 21.6.0: Wed Aug 10 14:25:27 PDT 2022; root:xnu-8020.141.5~2/RELEASE_X86_64 x86_64
rlimit: STACK 8192k, CORE 0k, NPROC 1392, NOFILE 10240, AS infinity, DATA infinity, FSIZE infinity
load average:2.62 5.47 4.82

CPU:total 4 (initial active 4) (2 cores per cpu, 2 threads per core) family 6 model 61 stepping 4, cmov, cx8, fxsr, mmx, sse, sse2, sse3, ssse3, sse4.1, sse4.2, popcnt, avx, avx2, aes, clmul, erms, rtm, 3dnowpref, lzcnt, ht, tsc, tscinvbit, bmi1, bmi2, adx, fma

Memory: 4k page, physical 8388608k(57792k free)

vm_info: Java HotSpot(TM) 64-Bit Server VM (11.0.1+13-LTS) for bsd-amd64 JRE (11.0.1+13-LTS), built on Oct  6 2018 12:16:08 by "mach5one" with gcc 4.2.1 Compatible Apple LLVM 9.1.0 (clang-902.0.39.2)

END.
